Arguments: 
  /usr/local/bin/node /opt/homebrew/Cellar/yarn/1.22.19/libexec/bin/yarn.js start

PATH: 
  /opt/homebrew/bin:/opt/homebrew/sbin:/usr/local/bin:/usr/bin:/bin:/usr/sbin:/sbin:/Users/adamkratch/opt/anaconda3/bin:/Users/adamkratch/opt/anaconda3/condabin:/opt/homebrew/bin:/opt/homebrew/sbin

Yarn version: 
  1.22.19

Node version: 
  18.13.0

Platform: 
  darwin arm64

Trace: 
  SyntaxError: /Users/adamkratch/Desktop/Wasteland/dashboard-tutorial/package.json: Unexpected token / in JSON at position 104
      at JSON.parse (<anonymous>)
      at /opt/homebrew/Cellar/yarn/1.22.19/libexec/lib/cli.js:1629:59
      at Generator.next (<anonymous>)
      at step (/opt/homebrew/Cellar/yarn/1.22.19/libexec/lib/cli.js:310:30)
      at /opt/homebrew/Cellar/yarn/1.22.19/libexec/lib/cli.js:321:13

npm manifest: 
  {
    "name": "react-admin",
    "version": "0.1.0",
    "private": true,
    "proxy": "http://127.0.0.1:8080", //newline
    "dependencies": {
      "@emotion/react": "^11.10.4",
      "@emotion/styled": "^11.10.4",
      "@fullcalendar/core": "^5.11.3",
      "@fullcalendar/daygrid": "^5.11.3",
      "@fullcalendar/interaction": "^5.11.4",
      "@fullcalendar/list": "^5.11.3",
      "@fullcalendar/react": "^5.11.2",
      "@fullcalendar/timegrid": "^5.11.3",
      "@mui/icons-material": "^5.10.3",
      "@mui/material": "^5.10.5",
      "@mui/x-data-grid": "^5.17.2",
      "@nivo/bar": "^0.80.0",
      "@nivo/core": "^0.79.0",
      "@nivo/geo": "^0.80.0",
      "@nivo/line": "^0.79.1",
      "@nivo/pie": "^0.80.0",
      "@reduxjs/toolkit": "^1.8.5",
      "@testing-library/jest-dom": "^5.16.5",
      "@testing-library/react": "^13.3.0",
      "@testing-library/user-event": "^13.5.0",
      "axios": "^1.3.4",
      "chart.js": "^3.9.1",
      "formik": "^2.2.9",
      "react": "^18.2.0",
      "react-chartjs-2": "^4.3.1",
      "react-dom": "^18.2.0",
      "react-pro-sidebar": "^0.7.1",
      "react-redux": "^8.0.2",
      "react-router-dom": "^6.3.0",
      "react-scripts": "5.0.1",
      "web-vitals": "^2.1.4",
      "yup": "^0.32.11"
    },
    "scripts": {
      "start": "PORT=3000 react-scripts start",
      "build": "react-scripts build",
      "test": "react-scripts test",
      "eject": "react-scripts eject",
      "start-api": "cd backend && env/bin/flask run --no-debugger"
    },
    "eslintConfig": {
      "extends": [
        "react-app",
        "react-app/jest"
      ]
    },
    "browserslist": {
      "production": [
        ">0.2%",
        "not dead",
        "not op_mini all"
      ],
      "development": [
        "last 1 chrome version",
        "last 1 firefox version",
        "last 1 safari version"
      ]
    }
  }

yarn manifest: 
  No manifest

Lockfile: 
  No lockfile
